{
  "RSpec": {
    "coverage": {
      "/Users/rita/Documents/Epicodus/rails/rails_decision_log/spec/models/circle_spec.rb": [
        1,
        null,
        1,
        2,
        2,
        2,
        null,
        null,
        null,
        null,
        null,
        null,
        null,
        null,
        null,
        null,
        1,
        1,
        0,
        0,
        0,
        0,
        null,
        null
      ],
      "/Users/rita/Documents/Epicodus/rails/rails_decision_log/spec/rails_helper.rb": [
        null,
        1,
        1,
        1,
        null,
        1,
        1,
        1,
        null,
        null,
        null,
        null,
        null,
        null,
        null,
        null,
        null,
        null,
        null,
        null,
        null,
        null,
        null,
        null,
        null,
        null,
        null,
        1,
        1,
        null,
        0,
        0,
        null,
        1,
        null,
        1,
        null,
        null,
        null,
        null,
        1,
        null,
        null,
        null,
        null,
        null,
        null,
        null,
        null,
        null,
        null,
        null,
        null,
        null,
        null,
        1,
        null,
        null,
        1,
        null,
        null,
        null,
        1,
        1,
        1,
        1,
        null,
        null
      ],
      "/Users/rita/Documents/Epicodus/rails/rails_decision_log/config/environment.rb": [
        null,
        1,
        null,
        null,
        1
      ],
      "/Users/rita/Documents/Epicodus/rails/rails_decision_log/config/application.rb": [
        1,
        null,
        1,
        null,
        1,
        1,
        1,
        1,
        1,
        1,
        1,
        1,
        1,
        null,
        null,
        null,
        null,
        1,
        null,
        1,
        1,
        null,
        1,
        null,
        null,
        null,
        null,
        null,
        null,
        null,
        1,
        null,
        null
      ],
      "/Users/rita/Documents/Epicodus/rails/rails_decision_log/config/boot.rb": [
        1,
        null,
        1,
        1
      ],
      "/Users/rita/Documents/Epicodus/rails/rails_decision_log/config/environments/test.rb": [
        1,
        null,
        null,
        null,
        null,
        null,
        null,
        1,
        null,
        null,
        null,
        null,
        1,
        null,
        null,
        1,
        1,
        null,
        null,
        null,
        null,
        1,
        1,
        null,
        null,
        1,
        null,
        null,
        1,
        null,
        null,
        1,
        null,
        1,
        null,
        null,
        null,
        null,
        1,
        null,
        null,
        1,
        null,
        null,
        null,
        null,
        1,
        null
      ],
      "/Users/rita/Documents/Epicodus/rails/rails_decision_log/config/initializers/application_controller_renderer.rb": [
        null,
        null,
        null,
        null,
        null,
        null,
        null,
        null
      ],
      "/Users/rita/Documents/Epicodus/rails/rails_decision_log/config/initializers/assets.rb": [
        null,
        null,
        null,
        1,
        null,
        null,
        null,
        null,
        1,
        null,
        null,
        null,
        null,
        null
      ],
      "/Users/rita/Documents/Epicodus/rails/rails_decision_log/config/initializers/backtrace_silencers.rb": [
        null,
        null,
        null,
        null,
        null,
        null,
        null
      ],
      "/Users/rita/Documents/Epicodus/rails/rails_decision_log/config/initializers/content_security_policy.rb": [
        null,
        null,
        null,
        null,
        null,
        null,
        null,
        null,
        null,
        null,
        null,
        null,
        null,
        null,
        null,
        null,
        null,
        null,
        null,
        null,
        null,
        null,
        null,
        null,
        null
      ],
      "/Users/rita/Documents/Epicodus/rails/rails_decision_log/config/initializers/cookies_serializer.rb": [
        null,
        null,
        null,
        null,
        1
      ],
      "/Users/rita/Documents/Epicodus/rails/rails_decision_log/config/initializers/filter_parameter_logging.rb": [
        null,
        null,
        null,
        1
      ],
      "/Users/rita/Documents/Epicodus/rails/rails_decision_log/config/initializers/inflections.rb": [
        null,
        null,
        null,
        null,
        null,
        null,
        null,
        null,
        null,
        null,
        null,
        null,
        null,
        null,
        null,
        null
      ],
      "/Users/rita/Documents/Epicodus/rails/rails_decision_log/config/initializers/mime_types.rb": [
        null,
        null,
        null,
        null
      ],
      "/Users/rita/Documents/Epicodus/rails/rails_decision_log/config/initializers/wrap_parameters.rb": [
        null,
        null,
        null,
        null,
        null,
        null,
        1,
        2,
        null,
        null,
        null,
        null,
        null,
        null
      ],
      "/Users/rita/Documents/Epicodus/rails/rails_decision_log/app/channels/application_cable/channel.rb": [
        1,
        1,
        null,
        null
      ],
      "/Users/rita/Documents/Epicodus/rails/rails_decision_log/app/channels/application_cable/connection.rb": [
        1,
        1,
        null,
        null
      ],
      "/Users/rita/Documents/Epicodus/rails/rails_decision_log/app/controllers/application_controller.rb": [
        1,
        1,
        1,
        null,
        1,
        0,
        0,
        null,
        null,
        null
      ],
      "/Users/rita/Documents/Epicodus/rails/rails_decision_log/app/helpers/application_helper.rb": [
        1,
        null
      ],
      "/Users/rita/Documents/Epicodus/rails/rails_decision_log/app/controllers/circles_controller.rb": [
        1,
        1,
        0,
        null,
        null
      ],
      "/Users/rita/Documents/Epicodus/rails/rails_decision_log/app/controllers/decisions_controller.rb": [
        1,
        null,
        1,
        null,
        null,
        null,
        1,
        0,
        null,
        null,
        1,
        0,
        null,
        null
      ],
      "/Users/rita/Documents/Epicodus/rails/rails_decision_log/app/controllers/sessions_controller.rb": [
        1,
        null,
        1,
        0,
        0,
        0,
        0,
        0,
        null,
        0,
        0,
        null,
        null,
        null,
        1,
        0,
        0,
        0,
        null,
        null
      ],
      "/Users/rita/Documents/Epicodus/rails/rails_decision_log/app/controllers/users_controller.rb": [
        1,
        null,
        null,
        null,
        null,
        null,
        null,
        null,
        null,
        null,
        null
      ],
      "/Users/rita/Documents/Epicodus/rails/rails_decision_log/app/jobs/application_job.rb": [
        1,
        null
      ],
      "/Users/rita/Documents/Epicodus/rails/rails_decision_log/app/mailers/application_mailer.rb": [
        1,
        1,
        1,
        null
      ],
      "/Users/rita/Documents/Epicodus/rails/rails_decision_log/app/models/application_record.rb": [
        1,
        1,
        null
      ],
      "/Users/rita/Documents/Epicodus/rails/rails_decision_log/app/models/circle.rb": [
        1,
        1,
        1,
        1,
        1,
        null,
        null
      ],
      "/Users/rita/Documents/Epicodus/rails/rails_decision_log/app/models/decision.rb": [
        1,
        1,
        1,
        1,
        1,
        1,
        null,
        null,
        0,
        null,
        null
      ],
      "/Users/rita/Documents/Epicodus/rails/rails_decision_log/app/models/user.rb": [
        1,
        1,
        1,
        1,
        1,
        null,
        1,
        2,
        2,
        null,
        null,
        1,
        0,
        0,
        0,
        null,
        null,
        null,
        null,
        null
      ],
      "/Users/rita/Documents/Epicodus/rails/rails_decision_log/spec/factories.rb": [
        1,
        1,
        1,
        1,
        1,
        null,
        null,
        null,
        null,
        null,
        null,
        null,
        null,
        null,
        null,
        null,
        null,
        null
      ],
      "/Users/rita/Documents/Epicodus/rails/rails_decision_log/config/routes.rb": [
        1,
        null,
        1,
        null,
        1,
        null,
        1,
        null,
        1,
        1,
        1,
        null,
        null
      ],
      "/Users/rita/Documents/Epicodus/rails/rails_decision_log/spec/models/decision_spec.rb": [
        1,
        null,
        1,
        2,
        2,
        2,
        null
      ],
      "/Users/rita/Documents/Epicodus/rails/rails_decision_log/spec/models/user_spec.rb": [
        1,
        null,
        1,
        2,
        2,
        2,
        null,
        null,
        null,
        null,
        null,
        null
      ]
    },
    "timestamp": 1537039767
  }
}
